{
  "RSpec": {
    "coverage": {
      "/Users/jibaceta/Documents/projects/mp-sdk-ruby/mp-sdk-ruby/lib/mercadopago.rb": [
        1,
        1,
        null,
        5,
        1,
        1,
        17,
        null,
        1,
        null,
        1,
        1,
        1,
        1,
        null,
        null,
        null,
        1,
        1,
        1,
        1,
        1,
        1,
        null,
        1,
        null,
        null,
        1,
        2,
        2,
        32,
        32,
        32,
        null,
        2,
        null,
        1,
        null,
        1,
        92,
        92,
        90,
        78,
        14,
        null,
        92,
        null,
        1,
        null,
        null,
        null
      ],
      "/Users/jibaceta/Documents/projects/mp-sdk-ruby/mp-sdk-ruby/lib/mercadopago/tools/core/hash.rb": [
        1,
        null,
        1,
        null,
        1,
        31,
        31,
        1,
        null,
        31,
        null,
        null,
        1,
        30,
        30,
        null,
        null,
        null
      ],
      "/Users/jibaceta/Documents/projects/mp-sdk-ruby/mp-sdk-ruby/lib/mercadopago/tools/core/string.rb": [
        1,
        1,
        2325,
        null,
        2325,
        null,
        null,
        2295,
        null,
        null
      ],
      "/Users/jibaceta/Documents/projects/mp-sdk-ruby/mp-sdk-ruby/lib/mercadopago/tools/helpers.rb": [
        1,
        null,
        null
      ],
      "/Users/jibaceta/Documents/projects/mp-sdk-ruby/mp-sdk-ruby/lib/mercadopago/tools/rest_client/rest-client.rb": [
        1,
        1,
        1,
        null,
        1,
        1,
        null,
        1,
        null,
        null,
        null,
        null,
        null,
        null,
        1,
        null,
        1,
        1,
        null,
        null,
        1,
        null,
        null,
        null,
        null,
        null,
        null,
        28,
        28,
        28,
        28,
        28,
        28,
        null,
        28,
        44,
        28,
        28,
        28,
        null,
        28,
        28,
        28,
        28,
        28,
        null,
        28,
        null,
        28,
        null,
        28,
        28,
        28,
        28,
        28,
        null,
        28,
        null,
        28,
        26,
        null,
        2,
        null,
        null,
        28,
        null,
        1,
        null,
        null,
        null,
        null,
        null,
        null,
        null,
        null,
        1,
        0,
        null,
        1,
        null,
        1,
        0,
        null,
        1,
        null,
        1,
        2,
        null,
        1,
        null,
        1,
        11,
        null,
        1,
        null,
        1,
        12,
        null,
        1,
        null,
        1,
        3,
        null,
        1,
        null,
        null,
        null,
        null,
        null
      ],
      "/Users/jibaceta/Documents/projects/mp-sdk-ruby/mp-sdk-ruby/lib/mercadopago/active_rest/active_rest.rb": [
        null,
        null,
        4,
        null,
        null,
        null,
        null,
        1,
        null,
        null,
        1,
        null,
        null,
        1,
        1,
        null,
        1,
        null,
        null,
        null,
        null,
        null,
        null,
        1,
        16,
        16,
        16,
        16,
        16,
        16,
        16,
        null,
        null,
        null,
        null,
        null,
        null,
        null,
        null,
        null,
        null,
        null,
        null,
        null,
        null,
        1,
        197,
        197,
        197,
        0,
        0,
        null,
        null,
        1,
        null,
        null,
        null,
        1,
        9,
        9,
        9,
        9,
        9,
        null,
        106,
        null,
        null,
        null,
        null,
        null,
        null,
        null,
        1,
        0,
        0,
        0,
        0,
        0,
        0,
        null,
        0,
        null,
        null,
        0,
        null,
        null,
        null,
        null,
        1,
        null,
        111,
        null,
        212,
        null,
        111,
        100,
        1114,
        100,
        null,
        11,
        null,
        null,
        111,
        null,
        null,
        null,
        null,
        1,
        1,
        1,
        1,
        null,
        1,
        1,
        1,
        0,
        0,
        0,
        null,
        null,
        null,
        null,
        null,
        null,
        null,
        1,
        null,
        1,
        1,
        1,
        1,
        null,
        1,
        null,
        1,
        0,
        null,
        1,
        null,
        null,
        0,
        null,
        null,
        null,
        null,
        null,
        null,
        null,
        3,
        null,
        null,
        null,
        1,
        112,
        114,
        null,
        null,
        null,
        null,
        null,
        null,
        1,
        37,
        37,
        37,
        null,
        null,
        null,
        11,
        1,
        null,
        null,
        17,
        1,
        null,
        null,
        1,
        1,
        null,
        null,
        1,
        30,
        30,
        30,
        30,
        30,
        null,
        30,
        30,
        null,
        30,
        0,
        null,
        null,
        0,
        0,
        null,
        null,
        null,
        1,
        null,
        null,
        1,
        null,
        0,
        0,
        null,
        null,
        null,
        1,
        146,
        146,
        110,
        0,
        4,
        null,
        null,
        null,
        null,
        null,
        1,
        146,
        146,
        36,
        36,
        32,
        null,
        null,
        1,
        0,
        null,
        null,
        1,
        null,
        null,
        null,
        null,
        null,
        1,
        26,
        null,
        null,
        null,
        1,
        null,
        1,
        1,
        null,
        1,
        null,
        1,
        0,
        null,
        null,
        1,
        3,
        null,
        1,
        null,
        null,
        null,
        null,
        1,
        234,
        null,
        null,
        1,
        197,
        null,
        null,
        1,
        26,
        null,
        null,
        1,
        10,
        null,
        null,
        1,
        0,
        null,
        null,
        null,
        1,
        10,
        null,
        null,
        1,
        10,
        11,
        10,
        null,
        null,
        null,
        null,
        null
      ],
      "/Users/jibaceta/Documents/projects/mp-sdk-ruby/mp-sdk-ruby/lib/mercadopago/active_rest/active_rest/ar_error.rb": [
        1,
        1,
        1,
        1,
        null,
        null,
        1,
        1,
        null,
        null,
        null
      ],
      "/Users/jibaceta/Documents/projects/mp-sdk-ruby/mp-sdk-ruby/lib/mercadopago/active_rest/active_rest/base.rb": [
        1,
        1,
        null,
        1,
        1,
        null,
        1,
        null,
        1,
        16,
        16,
        null,
        16,
        1226,
        139,
        null,
        null,
        16,
        0,
        null,
        null,
        16,
        0,
        0,
        0,
        null,
        null,
        null,
        null,
        null,
        1,
        0,
        0,
        null,
        null,
        null,
        1,
        5,
        49,
        null,
        5,
        null,
        null,
        1,
        1196,
        1196,
        1153,
        null,
        null,
        43,
        null,
        null,
        null,
        1,
        2240,
        2240,
        1985,
        124,
        null,
        1861,
        1861,
        null,
        null,
        null,
        255,
        null,
        null,
        null,
        null,
        null,
        null,
        null,
        null,
        1,
        5,
        68,
        null,
        null,
        null,
        1,
        1861,
        1861,
        null,
        1,
        null,
        19,
        null,
        0,
        null,
        1,
        null,
        null,
        0,
        null,
        null,
        null,
        null,
        1,
        2308,
        2308,
        2308,
        null,
        null,
        1,
        7,
        5,
        0,
        null,
        null,
        null,
        1,
        null,
        3,
        null,
        3,
        1,
        null,
        4,
        null,
        null,
        3,
        0,
        null,
        null,
        null,
        1,
        null,
        2,
        2,
        2,
        1,
        null,
        null,
        null,
        0,
        null,
        null,
        2,
        null,
        null,
        null,
        1,
        3,
        3,
        3,
        3,
        3,
        null,
        3,
        null,
        0,
        null,
        null,
        null,
        null,
        1,
        1,
        1,
        1,
        1,
        null,
        null,
        null,
        1,
        1,
        1,
        18,
        null,
        1,
        1,
        1,
        0,
        null,
        null,
        null,
        null,
        1,
        32,
        null,
        null,
        1,
        406,
        4867,
        485,
        null,
        406,
        null,
        null,
        1,
        null,
        null,
        1,
        2317,
        2317,
        22,
        14,
        null,
        17,
        8,
        8,
        8,
        8,
        null,
        null,
        9,
        null,
        2295,
        null,
        null,
        null,
        null,
        null,
        1,
        2,
        7108,
        7,
        1,
        null,
        1,
        1,
        5,
        5,
        5,
        5,
        null,
        48,
        null,
        5,
        5,
        null,
        null,
        null,
        null
      ],
      "/Users/jibaceta/Documents/projects/mp-sdk-ruby/mp-sdk-ruby/lib/mercadopago/active_rest/active_rest/strong_variable.rb": [
        1,
        null,
        1,
        1,
        1,
        1,
        1,
        1,
        1,
        1,
        1,
        1,
        null,
        1,
        200,
        200,
        104,
        104,
        null,
        0,
        null,
        null,
        null,
        null,
        1,
        1,
        1,
        1,
        1,
        1,
        1,
        1,
        1,
        1,
        null,
        null,
        1,
        4382,
        null,
        null,
        1,
        1986,
        null,
        null,
        null
      ],
      "/Users/jibaceta/Documents/projects/mp-sdk-ruby/mp-sdk-ruby/lib/mercadopago/settings.rb": [
        1,
        1,
        null,
        1,
        1,
        null,
        null,
        1,
        null,
        null,
        null,
        null,
        null,
        null,
        null,
        1,
        0,
        0,
        0,
        null,
        null,
        1,
        null,
        null,
        1,
        16,
        null,
        null,
        null,
        1,
        2,
        2,
        null,
        1,
        null,
        0,
        null,
        1,
        null,
        null,
        null,
        null,
        1,
        6,
        null,
        null,
        6,
        null,
        null,
        1,
        null,
        null,
        null,
        null,
        1,
        48,
        48,
        null,
        48,
        46,
        6,
        null,
        6,
        6,
        6,
        6,
        6,
        null,
        null,
        null,
        null,
        40,
        null,
        null,
        null,
        null,
        null,
        null,
        null,
        null
      ],
      "/Users/jibaceta/Documents/projects/mp-sdk-ruby/mp-sdk-ruby/lib/mercadopago/products/automatic-debits/preapproval.rb": [
        1,
        1,
        null,
        1,
        1,
        1,
        null,
        1,
        1,
        1,
        1,
        null,
        null,
        null,
        null,
        null,
        null,
        null,
        null,
        null,
        null,
        null,
        null,
        1,
        null,
        1,
        1,
        1,
        1,
        1,
        1,
        1,
        null,
        null,
        null,
        null
      ],
      "/Users/jibaceta/Documents/projects/mp-sdk-ruby/mp-sdk-ruby/lib/mercadopago/products/connect/user.rb": [
        1,
        1,
        null,
        1,
        1,
        1,
        1,
        1,
        1,
        1,
        1,
        null,
        1,
        1,
        null,
        null,
        null,
        1,
        1,
        null,
        null,
        null,
        null
      ],
      "/Users/jibaceta/Documents/projects/mp-sdk-ruby/mp-sdk-ruby/lib/mercadopago/products/flavor1/card.rb": [
        1,
        1,
        null,
        1,
        1,
        1,
        1,
        null,
        1,
        1,
        1,
        1,
        1,
        1,
        1,
        1,
        1,
        1,
        1,
        1,
        null,
        1,
        null,
        null,
        1,
        0,
        0,
        null,
        null,
        null,
        null,
        null
      ],
      "/Users/jibaceta/Documents/projects/mp-sdk-ruby/mp-sdk-ruby/lib/mercadopago/products/flavor1/card_token.rb": [
        1,
        1,
        null,
        null,
        null,
        1,
        1,
        1,
        null,
        1,
        1,
        1,
        1,
        1,
        1,
        1,
        1,
        1,
        1,
        1,
        1,
        1,
        1,
        1,
        1,
        1,
        null,
        null,
        null
      ],
      "/Users/jibaceta/Documents/projects/mp-sdk-ruby/mp-sdk-ruby/lib/mercadopago/products/flavor1/customer.rb": [
        1,
        1,
        null,
        1,
        1,
        1,
        1,
        1,
        null,
        1,
        1,
        1,
        1,
        1,
        1,
        1,
        1,
        1,
        1,
        1,
        1,
        1,
        1,
        1,
        1,
        null,
        5,
        null,
        null,
        null
      ],
      "/Users/jibaceta/Documents/projects/mp-sdk-ruby/mp-sdk-ruby/lib/mercadopago/products/flavor1/refund.rb": [
        1,
        1,
        null,
        1,
        1,
        null,
        null,
        null
      ],
      "/Users/jibaceta/Documents/projects/mp-sdk-ruby/mp-sdk-ruby/lib/mercadopago/products/flavor3/merchant_order.rb": [
        null,
        1,
        1,
        null,
        1,
        1,
        1,
        null,
        1,
        1,
        1,
        1,
        1,
        1,
        1,
        1,
        1,
        1,
        1,
        1,
        1,
        1,
        1,
        1,
        1,
        1,
        1,
        1,
        1,
        1,
        null,
        1,
        null,
        1,
        2,
        2,
        2,
        2,
        0,
        0,
        0,
        null,
        null,
        null,
        null,
        null,
        null,
        null
      ],
      "/Users/jibaceta/Documents/projects/mp-sdk-ruby/mp-sdk-ruby/lib/mercadopago/products/flavor3/preference.rb": [
        1,
        1,
        null,
        null,
        1,
        null,
        1,
        1,
        1,
        null,
        null,
        1,
        1,
        1,
        1,
        1,
        1,
        1,
        1,
        1,
        1,
        1,
        1,
        1,
        1,
        1,
        1,
        1,
        1,
        1,
        1,
        null,
        3,
        null,
        null,
        1,
        2,
        null,
        null,
        2,
        2,
        2,
        null,
        null,
        null,
        null,
        null,
        null,
        null,
        null
      ],
      "/Users/jibaceta/Documents/projects/mp-sdk-ruby/mp-sdk-ruby/lib/mercadopago/products/money_request/money_request.rb": [
        1,
        1,
        null,
        1,
        1,
        null,
        1,
        1,
        1,
        1,
        1,
        1,
        1,
        1,
        1,
        1,
        1,
        1,
        1,
        null,
        2,
        null,
        null,
        null
      ],
      "/Users/jibaceta/Documents/projects/mp-sdk-ruby/mp-sdk-ruby/lib/mercadopago/products/shared/identification_type.rb": [
        1,
        1,
        null,
        1,
        6,
        null,
        null,
        null
      ],
      "/Users/jibaceta/Documents/projects/mp-sdk-ruby/mp-sdk-ruby/lib/mercadopago/products/shared/item.rb": [
        1,
        1,
        1,
        null,
        1,
        null,
        null,
        1,
        1,
        1,
        1,
        1,
        1,
        1,
        1,
        null,
        null,
        null
      ],
      "/Users/jibaceta/Documents/projects/mp-sdk-ruby/mp-sdk-ruby/lib/mercadopago/products/shared/notification.rb": [
        1,
        null,
        1,
        null,
        1,
        1,
        null,
        1,
        2,
        2,
        2,
        2,
        0,
        0,
        0,
        null,
        null,
        null,
        null,
        null,
        1,
        2,
        null,
        null,
        1,
        0,
        null,
        null,
        1,
        0,
        null,
        null,
        null,
        null,
        null
      ],
      "/Users/jibaceta/Documents/projects/mp-sdk-ruby/mp-sdk-ruby/lib/mercadopago/products/shared/payer.rb": [
        1,
        1,
        1,
        null,
        null,
        1,
        1,
        1,
        1,
        1,
        1,
        1,
        null,
        null,
        null
      ],
      "/Users/jibaceta/Documents/projects/mp-sdk-ruby/mp-sdk-ruby/lib/mercadopago/products/shared/payment.rb": [
        1,
        1,
        null,
        null,
        null,
        null,
        1,
        null,
        1,
        null,
        1,
        1,
        1,
        1,
        null,
        null,
        1,
        1,
        1,
        1,
        1,
        1,
        1,
        1,
        1,
        1,
        1,
        1,
        1,
        1,
        1,
        1,
        1,
        1,
        1,
        1,
        1,
        1,
        1,
        null,
        null,
        1,
        1,
        1,
        1,
        1,
        1,
        1,
        1,
        1,
        1,
        1,
        1,
        1,
        1,
        null,
        1,
        0,
        0,
        null,
        0,
        null,
        null,
        null,
        1,
        2,
        2,
        2,
        2,
        0,
        0,
        0,
        null,
        null,
        null,
        null,
        null,
        null,
        null
      ],
      "/Users/jibaceta/Documents/projects/mp-sdk-ruby/mp-sdk-ruby/lib/mercadopago/products/shared/payment_method.rb": [
        1,
        1,
        null,
        1,
        null,
        1,
        1,
        1,
        1,
        1,
        1,
        1,
        1,
        1,
        1,
        1,
        1,
        null,
        null,
        1,
        1,
        1,
        1,
        1,
        null,
        5,
        null,
        null,
        null
      ],
      "/Users/jibaceta/Documents/projects/mp-sdk-ruby/mp-sdk-ruby/lib/mercadopago/products/shared/shipment.rb": [
        1,
        1,
        null,
        1,
        1,
        1,
        1,
        null,
        null,
        null,
        null,
        null,
        null,
        1,
        null,
        1,
        1,
        1,
        null,
        null,
        1,
        null,
        null,
        null
      ],
      "/Users/jibaceta/Documents/projects/mp-sdk-ruby/mp-sdk-ruby/lib/mercadopago/mpmiddleware.rb": [
        1,
        1,
        null,
        1,
        null,
        1,
        null,
        1,
        5,
        5,
        5,
        5,
        null,
        null,
        null,
        1,
        4,
        9,
        null,
        4,
        2,
        2,
        0,
        0,
        0,
        0,
        0,
        null,
        null,
        null,
        null,
        0,
        0,
        null,
        0,
        2,
        null,
        1,
        1,
        1,
        null,
        1,
        null,
        1,
        null,
        null,
        1,
        null,
        null,
        null,
        null,
        null,
        1,
        2,
        null,
        2,
        null,
        null,
        null,
        null,
        2,
        2,
        2,
        2,
        null,
        null,
        1,
        0,
        0,
        0,
        0,
        0,
        null,
        null,
        null,
        1,
        null,
        0,
        0,
        0,
        0,
        0,
        0,
        null,
        null,
        null,
        null
      ]
    },
    "timestamp": 1468525945
  }
}
