{
  "RSpec": {
    "coverage": {
      "/Users/jibaceta/Documents/projects/mp-sdk-ruby/mp-sdk-ruby/lib/mercadopago.rb": [
        1,
        1,
        null,
        5,
        1,
        1,
        15,
        null,
        1,
        null,
        1,
        1,
        1,
        1,
        null,
        null,
        null,
        1,
        1,
        1,
        1,
        1,
        1,
        null,
        1,
        null,
        null,
        1,
        2,
        2,
        28,
        28,
        28,
        null,
        2,
        null,
        1,
        null,
        1,
        124,
        124,
        122,
        68,
        56,
        null,
        124,
        null,
        1,
        null,
        null,
        null
      ],
      "/Users/jibaceta/Documents/projects/mp-sdk-ruby/mp-sdk-ruby/lib/mercadopago/tools/core/hash.rb": [
        1,
        null,
        1,
        null,
        1,
        27,
        27,
        1,
        null,
        27,
        null,
        null,
        1,
        27,
        27,
        null,
        null,
        null
      ],
      "/Users/jibaceta/Documents/projects/mp-sdk-ruby/mp-sdk-ruby/lib/mercadopago/tools/core/string.rb": [
        1,
        1,
        1229,
        1229,
        null,
        null,
        1199,
        null,
        null
      ],
      "/Users/jibaceta/Documents/projects/mp-sdk-ruby/mp-sdk-ruby/lib/mercadopago/tools/helpers.rb": [
        1,
        null,
        null
      ],
      "/Users/jibaceta/Documents/projects/mp-sdk-ruby/mp-sdk-ruby/lib/mercadopago/tools/rest_client/rest-client.rb": [
        1,
        1,
        1,
        null,
        1,
        1,
        null,
        1,
        null,
        null,
        null,
        null,
        null,
        null,
        1,
        null,
        1,
        1,
        null,
        null,
        1,
        null,
        26,
        null,
        26,
        null,
        41,
        null,
        26,
        null,
        26,
        26,
        null,
        26,
        null,
        26,
        null,
        26,
        26,
        26,
        26,
        null,
        26,
        null,
        26,
        null,
        26,
        26,
        26,
        null,
        26,
        null,
        26,
        26,
        null,
        0,
        null,
        null,
        22,
        null,
        1,
        null,
        null,
        null,
        null,
        null,
        null,
        null,
        null,
        1,
        0,
        null,
        1,
        null,
        1,
        0,
        null,
        1,
        null,
        1,
        1,
        null,
        1,
        null,
        1,
        13,
        null,
        1,
        null,
        1,
        11,
        null,
        1,
        null,
        1,
        1,
        null,
        1,
        null,
        null,
        null,
        null,
        null
      ],
      "/Users/jibaceta/Documents/projects/mp-sdk-ruby/mp-sdk-ruby/lib/mercadopago/active_rest/active_rest.rb": [
        null,
        null,
        4,
        null,
        null,
        null,
        null,
        1,
        null,
        null,
        1,
        null,
        null,
        1,
        1,
        null,
        1,
        null,
        null,
        null,
        null,
        null,
        null,
        1,
        14,
        14,
        14,
        14,
        14,
        14,
        14,
        null,
        null,
        null,
        null,
        null,
        null,
        null,
        null,
        null,
        null,
        null,
        null,
        null,
        null,
        1,
        185,
        185,
        185,
        0,
        0,
        null,
        null,
        1,
        null,
        null,
        null,
        1,
        9,
        9,
        9,
        9,
        9,
        106,
        null,
        null,
        null,
        null,
        null,
        null,
        null,
        1,
        0,
        0,
        0,
        0,
        0,
        0,
        null,
        0,
        null,
        null,
        0,
        null,
        null,
        null,
        null,
        1,
        113,
        1443,
        113,
        37,
        null,
        113,
        null,
        null,
        null,
        null,
        1,
        1,
        1,
        1,
        null,
        1,
        1,
        1,
        0,
        0,
        0,
        null,
        null,
        null,
        null,
        null,
        null,
        null,
        1,
        null,
        3,
        3,
        3,
        3,
        null,
        3,
        null,
        3,
        2,
        null,
        1,
        null,
        null,
        0,
        null,
        null,
        null,
        null,
        null,
        3,
        null,
        null,
        null,
        1,
        7,
        9,
        null,
        null,
        null,
        null,
        null,
        null,
        1,
        34,
        34,
        34,
        null,
        null,
        null,
        10,
        1,
        null,
        null,
        15,
        1,
        null,
        null,
        1,
        1,
        null,
        null,
        1,
        26,
        26,
        26,
        26,
        26,
        null,
        26,
        26,
        null,
        26,
        0,
        null,
        null,
        0,
        0,
        null,
        null,
        null,
        1,
        null,
        null,
        1,
        null,
        0,
        0,
        null,
        null,
        null,
        1,
        39,
        39,
        5,
        0,
        4,
        null,
        null,
        null,
        null,
        null,
        1,
        39,
        39,
        34,
        34,
        30,
        null,
        null,
        1,
        0,
        null,
        null,
        1,
        null,
        null,
        null,
        null,
        null,
        1,
        23,
        null,
        null,
        null,
        1,
        null,
        1,
        1,
        null,
        1,
        null,
        1,
        0,
        null,
        null,
        1,
        3,
        null,
        1,
        null,
        null,
        null,
        null,
        1,
        157,
        null,
        null,
        1,
        185,
        null,
        null,
        1,
        26,
        null,
        null,
        1,
        12,
        null,
        null,
        1,
        0,
        null,
        null,
        null,
        1,
        12,
        null,
        null,
        1,
        12,
        15,
        12,
        null,
        null,
        null,
        null,
        null
      ],
      "/Users/jibaceta/Documents/projects/mp-sdk-ruby/mp-sdk-ruby/lib/mercadopago/active_rest/active_rest/ar_error.rb": [
        1,
        1,
        1,
        1,
        null,
        null,
        1,
        1,
        null,
        null,
        null
      ],
      "/Users/jibaceta/Documents/projects/mp-sdk-ruby/mp-sdk-ruby/lib/mercadopago/active_rest/active_rest/base.rb": [
        1,
        1,
        null,
        1,
        null,
        1,
        14,
        null,
        14,
        null,
        null,
        14,
        1218,
        129,
        null,
        null,
        null,
        14,
        0,
        null,
        null,
        null,
        14,
        0,
        0,
        0,
        null,
        null,
        null,
        null,
        null,
        null,
        null,
        1,
        4,
        4,
        null,
        null,
        null,
        1,
        2,
        7,
        null,
        2,
        null,
        null,
        19,
        null,
        1,
        2826,
        2826,
        90,
        null,
        2736,
        null,
        null,
        null,
        1,
        1179,
        1179,
        1042,
        99,
        null,
        943,
        943,
        null,
        null,
        null,
        137,
        null,
        null,
        null,
        null,
        null,
        null,
        null,
        null,
        1,
        3,
        34,
        null,
        null,
        null,
        1,
        943,
        943,
        null,
        1,
        null,
        14,
        null,
        0,
        null,
        null,
        null,
        null,
        null,
        null,
        0,
        null,
        null,
        null,
        null,
        null,
        null,
        1,
        1213,
        1213,
        1213,
        null,
        null,
        1,
        6,
        6,
        2,
        null,
        null,
        null,
        1,
        1,
        null,
        1,
        null,
        1,
        1,
        null,
        0,
        null,
        null,
        null,
        1,
        2,
        2,
        null,
        2,
        2,
        2,
        2,
        null,
        5,
        null,
        2,
        null,
        2,
        2,
        null,
        2,
        1,
        null,
        null,
        0,
        null,
        null,
        null,
        1,
        0,
        0,
        0,
        0,
        null,
        0,
        0,
        null,
        null,
        null,
        1,
        0,
        0,
        0,
        0,
        null,
        null,
        0,
        0,
        0,
        0,
        null,
        null,
        null,
        null,
        1,
        28,
        null,
        null,
        1,
        null,
        null,
        1,
        1222,
        1222,
        23,
        16,
        null,
        16,
        7,
        7,
        7,
        7,
        null,
        9,
        8,
        null,
        1,
        null,
        null,
        1199,
        null,
        null,
        null,
        1,
        0,
        null,
        null,
        1,
        2,
        null,
        null,
        1,
        1179,
        null,
        null,
        1,
        0,
        null,
        null,
        null,
        null,
        null
      ],
      "/Users/jibaceta/Documents/projects/mp-sdk-ruby/mp-sdk-ruby/lib/mercadopago/active_rest/active_rest/strong_variable.rb": [
        1,
        null,
        1,
        1,
        1,
        1,
        1,
        1,
        1,
        1,
        1,
        null,
        1,
        188,
        188,
        99,
        99,
        null,
        0,
        null,
        null,
        null,
        null,
        1,
        1,
        1,
        1,
        1,
        1,
        1,
        1,
        1,
        1,
        null,
        null,
        1,
        1043,
        null,
        null,
        null
      ],
      "/Users/jibaceta/Documents/projects/mp-sdk-ruby/mp-sdk-ruby/lib/mercadopago/settings.rb": [
        1,
        1,
        null,
        1,
        1,
        null,
        null,
        1,
        null,
        null,
        null,
        null,
        null,
        null,
        null,
        1,
        0,
        0,
        0,
        null,
        null,
        1,
        null,
        null,
        1,
        16,
        null,
        null,
        null,
        1,
        2,
        2,
        null,
        1,
        null,
        0,
        null,
        1,
        null,
        null,
        null,
        null,
        1,
        6,
        null,
        null,
        6,
        null,
        null,
        1,
        null,
        null,
        null,
        null,
        1,
        46,
        46,
        null,
        46,
        44,
        6,
        null,
        6,
        6,
        6,
        6,
        6,
        null,
        null,
        null,
        null,
        38,
        null,
        null,
        null,
        null,
        null,
        null,
        null,
        null
      ],
      "/Users/jibaceta/Documents/projects/mp-sdk-ruby/mp-sdk-ruby/lib/mercadopago/products/connect/user.rb": [
        1,
        1,
        null,
        null,
        null,
        1,
        1,
        1,
        1,
        1,
        1,
        1,
        1,
        null,
        1,
        1,
        null,
        null,
        null,
        1,
        1,
        null,
        null,
        null,
        null
      ],
      "/Users/jibaceta/Documents/projects/mp-sdk-ruby/mp-sdk-ruby/lib/mercadopago/products/flavor1/card.rb": [
        1,
        1,
        null,
        1,
        1,
        1,
        1,
        null,
        1,
        null,
        1,
        1,
        1,
        1,
        1,
        1,
        1,
        1,
        1,
        1,
        1,
        1,
        null,
        1,
        null,
        null,
        1,
        0,
        0,
        null,
        null,
        null,
        null,
        null
      ],
      "/Users/jibaceta/Documents/projects/mp-sdk-ruby/mp-sdk-ruby/lib/mercadopago/products/flavor1/card_token.rb": [
        1,
        1,
        null,
        null,
        null,
        1,
        1,
        1,
        null,
        1,
        1,
        1,
        1,
        1,
        1,
        1,
        1,
        1,
        1,
        1,
        1,
        1,
        1,
        1,
        1,
        1,
        null,
        null,
        null
      ],
      "/Users/jibaceta/Documents/projects/mp-sdk-ruby/mp-sdk-ruby/lib/mercadopago/products/flavor1/customer.rb": [
        1,
        1,
        null,
        null,
        1,
        1,
        1,
        1,
        1,
        null,
        1,
        1,
        1,
        1,
        1,
        1,
        1,
        1,
        1,
        1,
        1,
        1,
        1,
        1,
        1,
        1,
        null,
        3,
        null,
        null,
        null
      ],
      "/Users/jibaceta/Documents/projects/mp-sdk-ruby/mp-sdk-ruby/lib/mercadopago/products/flavor3/merchant_order.rb": [
        null,
        1,
        1,
        null,
        1,
        1,
        1,
        null,
        1,
        1,
        1,
        1,
        1,
        1,
        1,
        1,
        1,
        1,
        1,
        1,
        1,
        1,
        1,
        1,
        1,
        1,
        1,
        1,
        1,
        1,
        null,
        2,
        null,
        1,
        2,
        2,
        2,
        2,
        0,
        0,
        0,
        null,
        null,
        null,
        null,
        null,
        null,
        null
      ],
      "/Users/jibaceta/Documents/projects/mp-sdk-ruby/mp-sdk-ruby/lib/mercadopago/products/flavor3/preference.rb": [
        1,
        1,
        null,
        null,
        1,
        null,
        1,
        1,
        1,
        null,
        null,
        null,
        null,
        null,
        null,
        null,
        1,
        1,
        1,
        1,
        1,
        1,
        1,
        1,
        1,
        1,
        1,
        1,
        1,
        1,
        1,
        1,
        1,
        1,
        1,
        1,
        null,
        null,
        2,
        null,
        null,
        1,
        1,
        null,
        null,
        1,
        1,
        1,
        null,
        null,
        null,
        null,
        null,
        null,
        null,
        null
      ],
      "/Users/jibaceta/Documents/projects/mp-sdk-ruby/mp-sdk-ruby/lib/mercadopago/products/flavor3/shipment.rb": [
        1,
        1,
        null,
        1,
        1,
        1,
        1,
        1,
        1,
        1,
        1,
        null,
        1,
        null,
        null,
        null
      ],
      "/Users/jibaceta/Documents/projects/mp-sdk-ruby/mp-sdk-ruby/lib/mercadopago/products/money_request/money_request.rb": [
        1,
        1,
        null,
        1,
        1,
        null,
        1,
        1,
        1,
        1,
        1,
        1,
        1,
        1,
        1,
        1,
        1,
        1,
        1,
        null,
        1,
        null,
        null,
        null
      ],
      "/Users/jibaceta/Documents/projects/mp-sdk-ruby/mp-sdk-ruby/lib/mercadopago/products/shared/identification_type.rb": [
        1,
        1,
        null,
        1,
        null,
        6,
        null,
        null,
        null
      ],
      "/Users/jibaceta/Documents/projects/mp-sdk-ruby/mp-sdk-ruby/lib/mercadopago/products/shared/item.rb": [
        1,
        1,
        1,
        null,
        1,
        null,
        null,
        1,
        1,
        1,
        1,
        1,
        1,
        1,
        1,
        null,
        null,
        null
      ],
      "/Users/jibaceta/Documents/projects/mp-sdk-ruby/mp-sdk-ruby/lib/mercadopago/products/shared/notification.rb": [
        1,
        null,
        1,
        null,
        1,
        3,
        3,
        3,
        3,
        0,
        0,
        0,
        null,
        null,
        null,
        null,
        null,
        null,
        null,
        null
      ],
      "/Users/jibaceta/Documents/projects/mp-sdk-ruby/mp-sdk-ruby/lib/mercadopago/products/shared/payer.rb": [
        1,
        1,
        1,
        null,
        null,
        1,
        1,
        1,
        1,
        1,
        1,
        1,
        null,
        null,
        null
      ],
      "/Users/jibaceta/Documents/projects/mp-sdk-ruby/mp-sdk-ruby/lib/mercadopago/products/shared/payment.rb": [
        1,
        1,
        null,
        null,
        null,
        null,
        1,
        null,
        1,
        null,
        1,
        1,
        1,
        1,
        null,
        null,
        1,
        1,
        1,
        1,
        1,
        1,
        1,
        1,
        1,
        1,
        1,
        1,
        1,
        1,
        1,
        1,
        1,
        1,
        1,
        1,
        1,
        1,
        1,
        null,
        null,
        1,
        1,
        1,
        1,
        1,
        1,
        1,
        1,
        1,
        1,
        1,
        1,
        1,
        1,
        null,
        1,
        1,
        1,
        null,
        0,
        null,
        null,
        null,
        1,
        2,
        2,
        2,
        2,
        0,
        0,
        0,
        null,
        null,
        null,
        null,
        null,
        null,
        null
      ],
      "/Users/jibaceta/Documents/projects/mp-sdk-ruby/mp-sdk-ruby/lib/mercadopago/products/shared/payment_method.rb": [
        1,
        1,
        null,
        1,
        null,
        1,
        1,
        1,
        1,
        1,
        1,
        1,
        1,
        1,
        1,
        1,
        1,
        null,
        null,
        1,
        1,
        1,
        1,
        1,
        null,
        5,
        null,
        null,
        null
      ],
      "/Users/jibaceta/Documents/projects/mp-sdk-ruby/mp-sdk-ruby/lib/mercadopago/mpmiddleware.rb": [
        1,
        1,
        null,
        1,
        null,
        1,
        null,
        1,
        5,
        5,
        5,
        5,
        null,
        null,
        null,
        1,
        4,
        9,
        null,
        4,
        null,
        4,
        2,
        2,
        2,
        2,
        2,
        2,
        2,
        null,
        null,
        null,
        null,
        2,
        2,
        null,
        2,
        2,
        null,
        1,
        null,
        1,
        null,
        1,
        null,
        1,
        null,
        1,
        null,
        1,
        null,
        1,
        null,
        null,
        1,
        null,
        null,
        null,
        null,
        null,
        1,
        null,
        2,
        null,
        2,
        null,
        null,
        null,
        null,
        2,
        null,
        2,
        null,
        2,
        null,
        2,
        null,
        2,
        null,
        2,
        null,
        2,
        null,
        null,
        null,
        1,
        1,
        1,
        1,
        1,
        1,
        null,
        null,
        null,
        1,
        null,
        1,
        1,
        1,
        1,
        1,
        1,
        null,
        null,
        null,
        null
      ]
    },
    "timestamp": 1467728476
  }
}
